Streaming transaction logs mentioning 9kqZ3ma4VY6Kmj7vgb1qPiLDoxb46zM5eEm1rsQZTG9L. Confirmed commitment
Transaction executed in slot 83:
  Signature: 4tctA17VGDoKJdBEfXaoumuKUBRDcSLwKpkXA9RJbevYEFK2CqqH5z4HGyeDCRpqwQNS6NPn6H7YaXeXE8h8NdXm
  Status: Ok
  Log Messages:
    Program 9kqZ3ma4VY6Kmj7vgb1qPiLDoxb46zM5eEm1rsQZTG9L invoke [1]
    Program log: Instruction: InitializeCharity
    Program 11111111111111111111111111111111 invoke [2]
    Program 11111111111111111111111111111111 success
    Program 9kqZ3ma4VY6Kmj7vgb1qPiLDoxb46zM5eEm1rsQZTG9L consumed 14091 of 200000 compute units
    Program 9kqZ3ma4VY6Kmj7vgb1qPiLDoxb46zM5eEm1rsQZTG9L success
Transaction executed in slot 84:
  Signature: 4pGaJGypUtXNM4VTqVfZZcwyQpqWSkAMEChoeCnwR9eSXwK8BnrhQucvRkSCGtHnApLig8jexP8yjSHP8rBAwcmZ
  Status: Ok
  Log Messages:
    Program 9kqZ3ma4VY6Kmj7vgb1qPiLDoxb46zM5eEm1rsQZTG9L invoke [1]
    Program log: Instruction: InitializeCharity
    Program 11111111111111111111111111111111 invoke [2]
    Program 11111111111111111111111111111111 success
    Program 9kqZ3ma4VY6Kmj7vgb1qPiLDoxb46zM5eEm1rsQZTG9L consumed 14091 of 200000 compute units
    Program 9kqZ3ma4VY6Kmj7vgb1qPiLDoxb46zM5eEm1rsQZTG9L success
